[2025-12-17 21:46:04] install.INFO: Running step: check-install-lock [] []
[2025-12-17 21:46:04] install.INFO: step: check-install-lock | status: done [] []
[2025-12-17 21:46:04] install.INFO: step: check-install-lock | messages: [] []
[2025-12-17 21:46:04] install.INFO: Installer not locked. Proceeding with install [] []
[2025-12-17 21:46:04] install.INFO: step: check-install-lock | debug: no debug info [] []
[2025-12-17 21:46:04] install.INFO: Running step: check-db-connection [] []
[2025-12-17 21:46:04] install.INFO: step: check-db-connection | status: done [] []
[2025-12-17 21:46:04] install.INFO: step: check-db-connection | messages: [] []
[2025-12-17 21:46:04] install.INFO: DB credentials ok [] []
[2025-12-17 21:46:04] install.INFO: step: check-db-connection | debug: no debug info [] []
[2025-12-17 21:46:04] install.INFO: Running step: install-system-checks [] []
[2025-12-17 21:46:04] install.INFO: step: install-system-checks | status: failed [] []
[2025-12-17 21:46:04] install.INFO: step: install-system-checks | messages: no messages [] []
[2025-12-17 21:46:04] install.INFO: step: install-system-checks | debug: no debug info [] []
[2025-12-17 21:46:04] install.INFO: step: install-system-checks | errors: [] []
[2025-12-17 21:46:04] install.INFO: error key: data [] []
[2025-12-17 21:46:04] install.INFO: error info: {"phpVersion":{"type":"info","label":"LBL_CHECKSYS_PHPVER","status":"success","info":"8.1.2-1ubuntu2.22","data":[]},"PCREVersion":{"type":"info","label":"LBL_CHECKSYS_PCRE","status":"success","info":"10.39 2021-10-29","data":[]},"xml_parser_create":{"type":"error","label":"LBL_CHECKSYS_XML","status":"success","info":"","data":[]},"json_decode":{"type":"error","label":"LBL_CHECKSYS_JSON","status":"success","info":"","data":[]},"mb_strlen":{"type":"error","label":"LBL_CHECKSYS_MBSTRING","status":"success","info":"","data":[]},"gzclose":{"type":"error","label":"LBL_CHECKSYS_UPLOAD","status":"success","info":"","data":[]},"imagecreatetruecolor":{"type":"error","label":"LBL_SPRITE_SUPPORT","status":"success","info":"","data":[]},"ZipArchive":{"type":"error","label":"LBL_CHECKSYS_ZIP","status":"success","info":"","data":[]},"IsWritableCacheDir":{"type":"error","label":"LBL_CHECKSYS_CACHE","status":"success","info":"","data":[]},"IsWritableModDir":{"type":"error","label":"LBL_CHECKSYS_MODULE","status":"success","info":"","data":[]},"IsWritableConfig":{"type":"error","label":"LBL_CHECKSYS_CONFIG","status":"success","info":"","data":[]},"IsWritableConfigO":{"type":"error","label":"LBL_CHECKSYS_OVERRIDE_CONFIG","status":"success","info":"","data":[]},"IsWritableCustomDir":{"type":"error","label":"LBL_CHECKSYS_CUSTOM","status":"success","info":"","data":[]},"IsWritableUploadDir":{"type":"warning","label":"LBL_CHECKSYS_ZLIB","status":"success","info":"","data":[]},"curl_init":{"type":"warning","label":"LBL_CHECKSYS_CURL","status":"success","info":"","data":[]},"imap":{"type":"warning","label":"LBL_CHECKSYS_IMAP","status":"success","info":"","data":[]},"upload_limit":{"type":"warning","label":"LBL_UPLOAD_MAX_FILESIZE_TITLE","error":"ERR_UPLOAD_MAX_FILESIZE","status":"error","info":"","data":[]},"memory_limit":{"type":"warning","label":"LBL_CHECKSYS_MEM","status":"success","info":"128M","data":[]}} [] []
[2025-12-17 21:46:04] install.INFO: error key: hasValidationError [] []
[2025-12-17 21:46:04] install.INFO: error info: true [] []
[2025-12-17 21:47:41] install.INFO: Running step: check-install-lock [] []
[2025-12-17 21:47:41] install.INFO: step: check-install-lock | status: done [] []
[2025-12-17 21:47:41] install.INFO: step: check-install-lock | messages: [] []
[2025-12-17 21:47:41] install.INFO: Installer not locked. Proceeding with install [] []
[2025-12-17 21:47:41] install.INFO: step: check-install-lock | debug: no debug info [] []
[2025-12-17 21:47:41] install.INFO: Running step: check-db-connection [] []
[2025-12-17 21:47:41] install.INFO: step: check-db-connection | status: done [] []
[2025-12-17 21:47:41] install.INFO: step: check-db-connection | messages: [] []
[2025-12-17 21:47:41] install.INFO: DB credentials ok [] []
[2025-12-17 21:47:41] install.INFO: step: check-db-connection | debug: no debug info [] []
[2025-12-17 21:47:41] install.INFO: Running step: install-system-checks [] []
[2025-12-17 21:47:42] install.INFO: step: install-system-checks | status: failed [] []
[2025-12-17 21:47:42] install.INFO: step: install-system-checks | messages: no messages [] []
[2025-12-17 21:47:42] install.INFO: step: install-system-checks | debug: no debug info [] []
[2025-12-17 21:47:42] install.INFO: step: install-system-checks | errors: [] []
[2025-12-17 21:47:42] install.INFO: error key: data [] []
[2025-12-17 21:47:42] install.INFO: error info: {"phpVersion":{"type":"info","label":"LBL_CHECKSYS_PHPVER","status":"success","info":"8.1.2-1ubuntu2.22","data":[]},"PCREVersion":{"type":"info","label":"LBL_CHECKSYS_PCRE","status":"success","info":"10.39 2021-10-29","data":[]},"xml_parser_create":{"type":"error","label":"LBL_CHECKSYS_XML","status":"success","info":"","data":[]},"json_decode":{"type":"error","label":"LBL_CHECKSYS_JSON","status":"success","info":"","data":[]},"mb_strlen":{"type":"error","label":"LBL_CHECKSYS_MBSTRING","status":"success","info":"","data":[]},"gzclose":{"type":"error","label":"LBL_CHECKSYS_UPLOAD","status":"success","info":"","data":[]},"imagecreatetruecolor":{"type":"error","label":"LBL_SPRITE_SUPPORT","status":"success","info":"","data":[]},"ZipArchive":{"type":"error","label":"LBL_CHECKSYS_ZIP","status":"success","info":"","data":[]},"IsWritableCacheDir":{"type":"error","label":"LBL_CHECKSYS_CACHE","status":"success","info":"","data":[]},"IsWritableModDir":{"type":"error","label":"LBL_CHECKSYS_MODULE","status":"success","info":"","data":[]},"IsWritableConfig":{"type":"error","label":"LBL_CHECKSYS_CONFIG","status":"success","info":"","data":[]},"IsWritableConfigO":{"type":"error","label":"LBL_CHECKSYS_OVERRIDE_CONFIG","status":"success","info":"","data":[]},"IsWritableCustomDir":{"type":"error","label":"LBL_CHECKSYS_CUSTOM","status":"success","info":"","data":[]},"IsWritableUploadDir":{"type":"warning","label":"LBL_CHECKSYS_ZLIB","status":"success","info":"","data":[]},"curl_init":{"type":"warning","label":"LBL_CHECKSYS_CURL","status":"success","info":"","data":[]},"imap":{"type":"warning","label":"LBL_CHECKSYS_IMAP","status":"success","info":"","data":[]},"upload_limit":{"type":"warning","label":"LBL_UPLOAD_MAX_FILESIZE_TITLE","error":"ERR_UPLOAD_MAX_FILESIZE","status":"error","info":"","data":[]},"memory_limit":{"type":"warning","label":"LBL_CHECKSYS_MEM","status":"success","info":"128M","data":[]}} [] []
[2025-12-17 21:47:42] install.INFO: error key: hasValidationError [] []
[2025-12-17 21:47:42] install.INFO: error info: true [] []
[2025-12-17 21:47:58] install.INFO: Running step: check-install-lock [] []
[2025-12-17 21:47:58] install.INFO: step: check-install-lock | status: done [] []
[2025-12-17 21:47:58] install.INFO: step: check-install-lock | messages: [] []
[2025-12-17 21:47:58] install.INFO: Installer not locked. Proceeding with install [] []
[2025-12-17 21:47:58] install.INFO: step: check-install-lock | debug: no debug info [] []
[2025-12-17 21:47:58] install.INFO: Running step: check-db-connection [] []
[2025-12-17 21:47:58] install.INFO: step: check-db-connection | status: done [] []
[2025-12-17 21:47:58] install.INFO: step: check-db-connection | messages: [] []
[2025-12-17 21:47:58] install.INFO: DB credentials ok [] []
[2025-12-17 21:47:58] install.INFO: step: check-db-connection | debug: no debug info [] []
[2025-12-17 21:47:58] install.INFO: Running step: install-system-checks [] []
[2025-12-17 21:47:58] install.INFO: step: install-system-checks | status: failed [] []
[2025-12-17 21:47:58] install.INFO: step: install-system-checks | messages: no messages [] []
[2025-12-17 21:47:58] install.INFO: step: install-system-checks | debug: no debug info [] []
[2025-12-17 21:47:58] install.INFO: step: install-system-checks | errors: [] []
[2025-12-17 21:47:58] install.INFO: error key: data [] []
[2025-12-17 21:47:58] install.INFO: error info: {"phpVersion":{"type":"info","label":"LBL_CHECKSYS_PHPVER","status":"success","info":"8.1.2-1ubuntu2.22","data":[]},"PCREVersion":{"type":"info","label":"LBL_CHECKSYS_PCRE","status":"success","info":"10.39 2021-10-29","data":[]},"xml_parser_create":{"type":"error","label":"LBL_CHECKSYS_XML","status":"success","info":"","data":[]},"json_decode":{"type":"error","label":"LBL_CHECKSYS_JSON","status":"success","info":"","data":[]},"mb_strlen":{"type":"error","label":"LBL_CHECKSYS_MBSTRING","status":"success","info":"","data":[]},"gzclose":{"type":"error","label":"LBL_CHECKSYS_UPLOAD","status":"success","info":"","data":[]},"imagecreatetruecolor":{"type":"error","label":"LBL_SPRITE_SUPPORT","status":"success","info":"","data":[]},"ZipArchive":{"type":"error","label":"LBL_CHECKSYS_ZIP","status":"success","info":"","data":[]},"IsWritableCacheDir":{"type":"error","label":"LBL_CHECKSYS_CACHE","status":"success","info":"","data":[]},"IsWritableModDir":{"type":"error","label":"LBL_CHECKSYS_MODULE","status":"success","info":"","data":[]},"IsWritableConfig":{"type":"error","label":"LBL_CHECKSYS_CONFIG","status":"success","info":"","data":[]},"IsWritableConfigO":{"type":"error","label":"LBL_CHECKSYS_OVERRIDE_CONFIG","status":"success","info":"","data":[]},"IsWritableCustomDir":{"type":"error","label":"LBL_CHECKSYS_CUSTOM","status":"success","info":"","data":[]},"IsWritableUploadDir":{"type":"warning","label":"LBL_CHECKSYS_ZLIB","status":"success","info":"","data":[]},"curl_init":{"type":"warning","label":"LBL_CHECKSYS_CURL","status":"success","info":"","data":[]},"imap":{"type":"warning","label":"LBL_CHECKSYS_IMAP","status":"success","info":"","data":[]},"upload_limit":{"type":"warning","label":"LBL_UPLOAD_MAX_FILESIZE_TITLE","error":"ERR_UPLOAD_MAX_FILESIZE","status":"error","info":"","data":[]},"memory_limit":{"type":"warning","label":"LBL_CHECKSYS_MEM","status":"success","info":"128M","data":[]}} [] []
[2025-12-17 21:47:58] install.INFO: error key: hasValidationError [] []
[2025-12-17 21:47:58] install.INFO: error info: true [] []
[2025-12-17 22:01:47] install.INFO: Running step: check-install-lock [] []
[2025-12-17 22:01:47] install.INFO: step: check-install-lock | status: done [] []
[2025-12-17 22:01:47] install.INFO: step: check-install-lock | messages: [] []
[2025-12-17 22:01:47] install.INFO: Installer not locked. Proceeding with install [] []
[2025-12-17 22:01:47] install.INFO: step: check-install-lock | debug: no debug info [] []
[2025-12-17 22:01:47] install.INFO: Running step: check-db-connection [] []
[2025-12-17 22:01:47] install.INFO: step: check-db-connection | status: done [] []
[2025-12-17 22:01:47] install.INFO: step: check-db-connection | messages: [] []
[2025-12-17 22:01:47] install.INFO: DB credentials ok [] []
[2025-12-17 22:01:47] install.INFO: step: check-db-connection | debug: no debug info [] []
[2025-12-17 22:01:47] install.INFO: Running step: install-system-checks [] []
[2025-12-17 22:01:47] install.INFO: step: install-system-checks | status: done [] []
[2025-12-17 22:01:47] install.INFO: step: install-system-checks | messages: no messages [] []
[2025-12-17 22:01:47] install.INFO: step: install-system-checks | debug: no debug info [] []
[2025-12-17 22:01:47] install.INFO: Running step: create-config [] []
[2025-12-17 22:01:47] install.INFO: step: create-config | status: done [] []
[2025-12-17 22:01:47] install.INFO: step: create-config | messages: [] []
[2025-12-17 22:01:47] install.INFO: Created silent install config: config_si.php [] []
[2025-12-17 22:01:47] install.INFO: step: create-config | debug: no debug info [] []
[2025-12-17 22:01:47] install.INFO: Running step: create-env [] []
[2025-12-17 22:01:47] install.INFO: step: create-env | status: done [] []
[2025-12-17 22:01:47] install.INFO: step: create-env | messages: [] []
[2025-12-17 22:01:47] install.INFO: Created .env.local [] []
[2025-12-17 22:01:47] install.INFO: step: create-env | debug: no debug info [] []
[2025-12-17 22:01:47] install.INFO: Running step: run-legacy-install [] []
[2025-12-17 22:02:03] install.INFO: step: run-legacy-install | status: done [] []
[2025-12-17 22:02:03] install.INFO: step: run-legacy-install | messages: [] []
[2025-12-17 22:02:03] install.INFO: Legacy install successful [] []
[2025-12-17 22:02:03] install.INFO: step: run-legacy-install | debug: no debug info [] []
